<?xml version="1.0" encoding="UTF-8"?>
<!-- Generated by org.testng.reporters.JUnitReportReporter -->
<testsuite skipped="0" hostname="DESKTOP-6DCCA68" name="Challenge" tests="1" failures="0" timestamp="2022-02-02T19:03:36 IST" time="3.806" errors="0">
  <testcase name="addCartForMaxAmountProduct" time="3.806" classname="Challenge"/>
  <system-out/>
</testsuite> <!-- Challenge -->
